===2017-02-17 10:39:15.101 INFO  com.xia.lawyer.Application Line:48  - Starting Application on LINDENG-E17RD with PID 1656 (D:\spring\LawyerHome\target\classes started by lindeng in D:\spring\LawyerHome)
===2017-02-17 10:39:15.106 INFO  com.xia.lawyer.Application Line:659 - No active profile set, falling back to default profiles: default
===2017-02-17 10:39:19.479 INFO  org.apache.catalina.core.StandardService Line:179 - Starting service Tomcat
===2017-02-17 10:39:19.481 INFO  org.apache.catalina.core.StandardEngine Line:179 - Starting Servlet Engine: Apache Tomcat/8.5.4
===2017-02-17 10:39:19.692 INFO  org.apache.catalina.core.ContainerBase.[Tomcat].[localhost].[/] Line:179 - Initializing Spring embedded WebApplicationContext
===2017-02-17 10:39:20.952 INFO  org.apache.coyote.http11.Http11NioProtocol Line:179 - Initializing ProtocolHandler ["http-nio-8080"]
===2017-02-17 10:39:20.968 INFO  org.apache.coyote.http11.Http11NioProtocol Line:179 - Starting ProtocolHandler [http-nio-8080]
===2017-02-17 10:39:20.994 INFO  org.apache.tomcat.util.net.NioSelectorPool Line:179 - Using a shared selector for servlet write/read
===2017-02-17 10:39:21.029 INFO  com.xia.lawyer.Application Line:57  - Started Application in 6.969 seconds (JVM running for 7.76)
===2017-02-17 11:02:22.157 INFO  com.xia.lawyer.Application Line:48  - Starting Application on LINDENG-E17RD with PID 3552 (D:\spring\LawyerHome\target\classes started by lindeng in D:\spring\LawyerHome)
===2017-02-17 11:02:22.162 INFO  com.xia.lawyer.Application Line:659 - No active profile set, falling back to default profiles: default
===2017-02-17 11:02:26.832 INFO  org.apache.catalina.core.StandardService Line:179 - Starting service Tomcat
===2017-02-17 11:02:26.835 INFO  org.apache.catalina.core.StandardEngine Line:179 - Starting Servlet Engine: Apache Tomcat/8.5.4
===2017-02-17 11:02:27.110 INFO  org.apache.catalina.core.ContainerBase.[Tomcat].[localhost].[/] Line:179 - Initializing Spring embedded WebApplicationContext
===2017-02-17 11:02:29.026 INFO  org.apache.coyote.http11.Http11NioProtocol Line:179 - Initializing ProtocolHandler ["http-nio-8080"]
===2017-02-17 11:02:29.037 INFO  org.apache.coyote.http11.Http11NioProtocol Line:179 - Starting ProtocolHandler [http-nio-8080]
===2017-02-17 11:02:29.061 INFO  org.apache.coyote.http11.Http11NioProtocol Line:179 - Pausing ProtocolHandler ["http-nio-8080"]
===2017-02-17 11:02:29.061 INFO  org.apache.catalina.core.StandardService Line:179 - Stopping service Tomcat
===2017-02-17 11:02:29.075 INFO  org.apache.catalina.util.LifecycleBase Line:179 - The stop() method was called on component [StandardServer[-1]] after stop() had already been called. The second call will be ignored.
===2017-02-17 11:02:29.075 INFO  org.apache.coyote.http11.Http11NioProtocol Line:179 - Stopping ProtocolHandler ["http-nio-8080"]
===2017-02-17 11:02:29.076 INFO  org.apache.coyote.http11.Http11NioProtocol Line:179 - Destroying ProtocolHandler ["http-nio-8080"]
===2017-02-17 11:02:38.636 INFO  com.xia.lawyer.Application Line:48  - Starting Application on LINDENG-E17RD with PID 4400 (D:\spring\LawyerHome\target\classes started by lindeng in D:\spring\LawyerHome)
===2017-02-17 11:02:38.640 INFO  com.xia.lawyer.Application Line:659 - No active profile set, falling back to default profiles: default
===2017-02-17 11:02:43.448 INFO  org.apache.catalina.core.StandardService Line:179 - Starting service Tomcat
===2017-02-17 11:02:43.450 INFO  org.apache.catalina.core.StandardEngine Line:179 - Starting Servlet Engine: Apache Tomcat/8.5.4
===2017-02-17 11:02:43.708 INFO  org.apache.catalina.core.ContainerBase.[Tomcat].[localhost].[/] Line:179 - Initializing Spring embedded WebApplicationContext
===2017-02-17 11:02:45.617 INFO  org.apache.coyote.http11.Http11NioProtocol Line:179 - Initializing ProtocolHandler ["http-nio-8080"]
===2017-02-17 11:02:45.630 INFO  org.apache.coyote.http11.Http11NioProtocol Line:179 - Starting ProtocolHandler [http-nio-8080]
===2017-02-17 11:02:45.649 INFO  org.apache.tomcat.util.net.NioSelectorPool Line:179 - Using a shared selector for servlet write/read
===2017-02-17 11:02:45.676 INFO  com.xia.lawyer.Application Line:57  - Started Application in 7.825 seconds (JVM running for 8.491)
===2017-02-17 11:02:53.886 INFO  org.apache.catalina.core.ContainerBase.[Tomcat].[localhost].[/] Line:179 - Initializing Spring FrameworkServlet 'dispatcherServlet'
===2017-02-17 11:02:53.956 INFO  org.thymeleaf.TemplateEngine Line:825 - [THYMELEAF] INITIALIZING TEMPLATE ENGINE
===2017-02-17 11:02:53.994 INFO  org.thymeleaf.templateresolver.AbstractTemplateResolver Line:99  - [THYMELEAF] INITIALIZING TEMPLATE RESOLVER: org.thymeleaf.spring4.templateresolver.SpringResourceTemplateResolver
===2017-02-17 11:02:53.995 INFO  org.thymeleaf.templateresolver.AbstractTemplateResolver Line:110 - [THYMELEAF] TEMPLATE RESOLVER INITIALIZED OK
===2017-02-17 11:02:53.995 INFO  org.thymeleaf.messageresolver.AbstractMessageResolver Line:72  - [THYMELEAF] INITIALIZING MESSAGE RESOLVER: org.thymeleaf.spring4.messageresolver.SpringMessageResolver
===2017-02-17 11:02:53.995 INFO  org.thymeleaf.messageresolver.AbstractMessageResolver Line:78  - [THYMELEAF] MESSAGE RESOLVER INITIALIZED OK
===2017-02-17 11:02:53.999 INFO  org.thymeleaf.TemplateEngine.CONFIG Line:123 - [THYMELEAF] TEMPLATE ENGINE CONFIGURATION:
[THYMELEAF] * Cache Factory implementation: org.thymeleaf.cache.StandardCacheManager
[THYMELEAF] * Template modes:
[THYMELEAF]     * LEGACYHTML5
[THYMELEAF]     * HTML5
[THYMELEAF]     * XML
[THYMELEAF]     * VALIDXML
[THYMELEAF]     * XHTML
[THYMELEAF]     * VALIDXHTML
[THYMELEAF] * Template resolvers (in order):
[THYMELEAF]     * org.thymeleaf.spring4.templateresolver.SpringResourceTemplateResolver
[THYMELEAF] * Message resolvers (in order):
[THYMELEAF]     * org.thymeleaf.spring4.messageresolver.SpringMessageResolver
[THYMELEAF] * Dialect [1 of 2]: org.thymeleaf.spring4.dialect.SpringStandardDialect
[THYMELEAF]     * Prefix: "th"
[THYMELEAF] * Dialect [2 of 2]: nz.net.ultraq.thymeleaf.LayoutDialect
[THYMELEAF]     * Prefix: "layout"
[THYMELEAF] TEMPLATE ENGINE CONFIGURED OK
===2017-02-17 11:02:54.000 INFO  org.thymeleaf.TemplateEngine Line:838 - [THYMELEAF] TEMPLATE ENGINE INITIALIZED
===2017-02-17 11:04:36.845 INFO  com.xia.lawyer.Application Line:48  - Starting Application on LINDENG-E17RD with PID 20188 (D:\spring\LawyerHome\target\classes started by lindeng in D:\spring\LawyerHome)
===2017-02-17 11:04:36.858 INFO  com.xia.lawyer.Application Line:659 - No active profile set, falling back to default profiles: default
===2017-02-17 11:04:41.568 INFO  org.apache.catalina.core.StandardService Line:179 - Starting service Tomcat
===2017-02-17 11:04:41.571 INFO  org.apache.catalina.core.StandardEngine Line:179 - Starting Servlet Engine: Apache Tomcat/8.5.4
===2017-02-17 11:04:41.922 INFO  org.apache.catalina.core.ContainerBase.[Tomcat].[localhost].[/] Line:179 - Initializing Spring embedded WebApplicationContext
===2017-02-17 11:04:43.528 INFO  org.apache.coyote.http11.Http11NioProtocol Line:179 - Initializing ProtocolHandler ["http-nio-8080"]
===2017-02-17 11:04:43.564 INFO  org.apache.coyote.http11.Http11NioProtocol Line:179 - Starting ProtocolHandler [http-nio-8080]
===2017-02-17 11:04:43.580 INFO  org.apache.tomcat.util.net.NioSelectorPool Line:179 - Using a shared selector for servlet write/read
===2017-02-17 11:04:43.642 INFO  com.xia.lawyer.Application Line:57  - Started Application in 7.72 seconds (JVM running for 8.575)
===2017-02-17 11:04:58.490 INFO  org.apache.catalina.core.ContainerBase.[Tomcat].[localhost].[/] Line:179 - Initializing Spring FrameworkServlet 'dispatcherServlet'
===2017-02-17 11:04:58.636 INFO  org.thymeleaf.TemplateEngine Line:825 - [THYMELEAF] INITIALIZING TEMPLATE ENGINE
===2017-02-17 11:04:58.685 INFO  org.thymeleaf.templateresolver.AbstractTemplateResolver Line:99  - [THYMELEAF] INITIALIZING TEMPLATE RESOLVER: org.thymeleaf.spring4.templateresolver.SpringResourceTemplateResolver
===2017-02-17 11:04:58.686 INFO  org.thymeleaf.templateresolver.AbstractTemplateResolver Line:110 - [THYMELEAF] TEMPLATE RESOLVER INITIALIZED OK
===2017-02-17 11:04:58.686 INFO  org.thymeleaf.messageresolver.AbstractMessageResolver Line:72  - [THYMELEAF] INITIALIZING MESSAGE RESOLVER: org.thymeleaf.spring4.messageresolver.SpringMessageResolver
===2017-02-17 11:04:58.687 INFO  org.thymeleaf.messageresolver.AbstractMessageResolver Line:78  - [THYMELEAF] MESSAGE RESOLVER INITIALIZED OK
===2017-02-17 11:04:58.692 INFO  org.thymeleaf.TemplateEngine.CONFIG Line:123 - [THYMELEAF] TEMPLATE ENGINE CONFIGURATION:
[THYMELEAF] * Cache Factory implementation: org.thymeleaf.cache.StandardCacheManager
[THYMELEAF] * Template modes:
[THYMELEAF]     * HTML5
[THYMELEAF]     * VALIDXHTML
[THYMELEAF]     * XML
[THYMELEAF]     * VALIDXML
[THYMELEAF]     * LEGACYHTML5
[THYMELEAF]     * XHTML
[THYMELEAF] * Template resolvers (in order):
[THYMELEAF]     * org.thymeleaf.spring4.templateresolver.SpringResourceTemplateResolver
[THYMELEAF] * Message resolvers (in order):
[THYMELEAF]     * org.thymeleaf.spring4.messageresolver.SpringMessageResolver
[THYMELEAF] * Dialect [1 of 2]: org.thymeleaf.spring4.dialect.SpringStandardDialect
[THYMELEAF]     * Prefix: "th"
[THYMELEAF] * Dialect [2 of 2]: nz.net.ultraq.thymeleaf.LayoutDialect
[THYMELEAF]     * Prefix: "layout"
[THYMELEAF] TEMPLATE ENGINE CONFIGURED OK
===2017-02-17 11:04:58.692 INFO  org.thymeleaf.TemplateEngine Line:838 - [THYMELEAF] TEMPLATE ENGINE INITIALIZED
===2017-02-17 11:07:18.598 INFO  com.xia.lawyer.Application Line:48  - Starting Application on LINDENG-E17RD with PID 13052 (D:\spring\LawyerHome\target\classes started by lindeng in D:\spring\LawyerHome)
===2017-02-17 11:07:18.602 INFO  com.xia.lawyer.Application Line:659 - No active profile set, falling back to default profiles: default
===2017-02-17 11:07:23.567 INFO  org.apache.catalina.core.StandardService Line:179 - Starting service Tomcat
===2017-02-17 11:07:23.571 INFO  org.apache.catalina.core.StandardEngine Line:179 - Starting Servlet Engine: Apache Tomcat/8.5.4
===2017-02-17 11:07:23.821 INFO  org.apache.catalina.core.ContainerBase.[Tomcat].[localhost].[/] Line:179 - Initializing Spring embedded WebApplicationContext
===2017-02-17 11:07:25.601 INFO  org.apache.coyote.http11.Http11NioProtocol Line:179 - Initializing ProtocolHandler ["http-nio-8080"]
===2017-02-17 11:07:25.613 INFO  org.apache.coyote.http11.Http11NioProtocol Line:179 - Starting ProtocolHandler [http-nio-8080]
===2017-02-17 11:07:25.631 INFO  org.apache.tomcat.util.net.NioSelectorPool Line:179 - Using a shared selector for servlet write/read
===2017-02-17 11:07:25.667 INFO  com.xia.lawyer.Application Line:57  - Started Application in 7.766 seconds (JVM running for 8.561)
===2017-02-17 11:07:30.225 INFO  org.apache.catalina.core.ContainerBase.[Tomcat].[localhost].[/] Line:179 - Initializing Spring FrameworkServlet 'dispatcherServlet'
===2017-02-17 11:07:30.377 INFO  org.thymeleaf.TemplateEngine Line:825 - [THYMELEAF] INITIALIZING TEMPLATE ENGINE
===2017-02-17 11:07:30.486 INFO  org.thymeleaf.templateresolver.AbstractTemplateResolver Line:99  - [THYMELEAF] INITIALIZING TEMPLATE RESOLVER: org.thymeleaf.spring4.templateresolver.SpringResourceTemplateResolver
===2017-02-17 11:07:30.487 INFO  org.thymeleaf.templateresolver.AbstractTemplateResolver Line:110 - [THYMELEAF] TEMPLATE RESOLVER INITIALIZED OK
===2017-02-17 11:07:30.488 INFO  org.thymeleaf.messageresolver.AbstractMessageResolver Line:72  - [THYMELEAF] INITIALIZING MESSAGE RESOLVER: org.thymeleaf.spring4.messageresolver.SpringMessageResolver
===2017-02-17 11:07:30.489 INFO  org.thymeleaf.messageresolver.AbstractMessageResolver Line:78  - [THYMELEAF] MESSAGE RESOLVER INITIALIZED OK
===2017-02-17 11:07:30.498 INFO  org.thymeleaf.TemplateEngine.CONFIG Line:123 - [THYMELEAF] TEMPLATE ENGINE CONFIGURATION:
[THYMELEAF] * Cache Factory implementation: org.thymeleaf.cache.StandardCacheManager
[THYMELEAF] * Template modes:
[THYMELEAF]     * LEGACYHTML5
[THYMELEAF]     * HTML5
[THYMELEAF]     * XML
[THYMELEAF]     * VALIDXML
[THYMELEAF]     * XHTML
[THYMELEAF]     * VALIDXHTML
[THYMELEAF] * Template resolvers (in order):
[THYMELEAF]     * org.thymeleaf.spring4.templateresolver.SpringResourceTemplateResolver
[THYMELEAF] * Message resolvers (in order):
[THYMELEAF]     * org.thymeleaf.spring4.messageresolver.SpringMessageResolver
[THYMELEAF] * Dialect [1 of 2]: org.thymeleaf.spring4.dialect.SpringStandardDialect
[THYMELEAF]     * Prefix: "th"
[THYMELEAF] * Dialect [2 of 2]: nz.net.ultraq.thymeleaf.LayoutDialect
[THYMELEAF]     * Prefix: "layout"
[THYMELEAF] TEMPLATE ENGINE CONFIGURED OK
===2017-02-17 11:07:30.499 INFO  org.thymeleaf.TemplateEngine Line:838 - [THYMELEAF] TEMPLATE ENGINE INITIALIZED
===2017-02-17 11:17:28.772 INFO  com.xia.lawyer.Application Line:48  - Starting Application on LINDENG-E17RD with PID 8716 (D:\spring\LawyerHome\target\classes started by lindeng in D:\spring\LawyerHome)
===2017-02-17 11:17:28.777 INFO  com.xia.lawyer.Application Line:659 - No active profile set, falling back to default profiles: default
===2017-02-17 11:17:35.047 INFO  org.apache.catalina.core.StandardService Line:179 - Starting service Tomcat
===2017-02-17 11:17:35.049 INFO  org.apache.catalina.core.StandardEngine Line:179 - Starting Servlet Engine: Apache Tomcat/8.5.4
===2017-02-17 11:17:35.260 INFO  org.apache.catalina.core.ContainerBase.[Tomcat].[localhost].[/] Line:179 - Initializing Spring embedded WebApplicationContext
===2017-02-17 11:17:37.351 INFO  org.apache.coyote.http11.Http11NioProtocol Line:179 - Initializing ProtocolHandler ["http-nio-8080"]
===2017-02-17 11:17:37.366 INFO  org.apache.coyote.http11.Http11NioProtocol Line:179 - Starting ProtocolHandler [http-nio-8080]
===2017-02-17 11:17:37.433 INFO  org.apache.tomcat.util.net.NioSelectorPool Line:179 - Using a shared selector for servlet write/read
===2017-02-17 11:17:37.489 INFO  com.xia.lawyer.Application Line:57  - Started Application in 9.822 seconds (JVM running for 11.263)
===2017-02-17 11:17:54.119 INFO  org.apache.catalina.core.ContainerBase.[Tomcat].[localhost].[/] Line:179 - Initializing Spring FrameworkServlet 'dispatcherServlet'
===2017-02-17 11:17:54.431 INFO  org.thymeleaf.TemplateEngine Line:825 - [THYMELEAF] INITIALIZING TEMPLATE ENGINE
===2017-02-17 11:17:54.514 INFO  org.thymeleaf.templateresolver.AbstractTemplateResolver Line:99  - [THYMELEAF] INITIALIZING TEMPLATE RESOLVER: org.thymeleaf.spring4.templateresolver.SpringResourceTemplateResolver
===2017-02-17 11:17:54.515 INFO  org.thymeleaf.templateresolver.AbstractTemplateResolver Line:110 - [THYMELEAF] TEMPLATE RESOLVER INITIALIZED OK
===2017-02-17 11:17:54.515 INFO  org.thymeleaf.messageresolver.AbstractMessageResolver Line:72  - [THYMELEAF] INITIALIZING MESSAGE RESOLVER: org.thymeleaf.spring4.messageresolver.SpringMessageResolver
===2017-02-17 11:17:54.516 INFO  org.thymeleaf.messageresolver.AbstractMessageResolver Line:78  - [THYMELEAF] MESSAGE RESOLVER INITIALIZED OK
===2017-02-17 11:17:54.522 INFO  org.thymeleaf.TemplateEngine.CONFIG Line:123 - [THYMELEAF] TEMPLATE ENGINE CONFIGURATION:
[THYMELEAF] * Cache Factory implementation: org.thymeleaf.cache.StandardCacheManager
[THYMELEAF] * Template modes:
[THYMELEAF]     * HTML5
[THYMELEAF]     * XML
[THYMELEAF]     * VALIDXML
[THYMELEAF]     * XHTML
[THYMELEAF]     * LEGACYHTML5
[THYMELEAF]     * VALIDXHTML
[THYMELEAF] * Template resolvers (in order):
[THYMELEAF]     * org.thymeleaf.spring4.templateresolver.SpringResourceTemplateResolver
[THYMELEAF] * Message resolvers (in order):
[THYMELEAF]     * org.thymeleaf.spring4.messageresolver.SpringMessageResolver
[THYMELEAF] * Dialect [1 of 2]: org.thymeleaf.spring4.dialect.SpringStandardDialect
[THYMELEAF]     * Prefix: "th"
[THYMELEAF] * Dialect [2 of 2]: nz.net.ultraq.thymeleaf.LayoutDialect
[THYMELEAF]     * Prefix: "layout"
[THYMELEAF] TEMPLATE ENGINE CONFIGURED OK
===2017-02-17 11:17:54.522 INFO  org.thymeleaf.TemplateEngine Line:838 - [THYMELEAF] TEMPLATE ENGINE INITIALIZED
===2017-02-17 14:49:20.924 INFO  com.xia.lawyer.Application Line:48  - Starting Application on LINDENG-E17RD with PID 1452 (D:\spring\LawyerHome\target\classes started by lindeng in D:\spring\LawyerHome)
===2017-02-17 14:49:20.930 INFO  com.xia.lawyer.Application Line:659 - No active profile set, falling back to default profiles: default
===2017-02-17 14:49:26.605 INFO  org.apache.catalina.core.StandardService Line:179 - Starting service Tomcat
===2017-02-17 14:49:26.607 INFO  org.apache.catalina.core.StandardEngine Line:179 - Starting Servlet Engine: Apache Tomcat/8.5.4
===2017-02-17 14:49:26.866 INFO  org.apache.catalina.core.ContainerBase.[Tomcat].[localhost].[/] Line:179 - Initializing Spring embedded WebApplicationContext
===2017-02-17 14:49:28.741 INFO  org.apache.coyote.http11.Http11NioProtocol Line:179 - Initializing ProtocolHandler ["http-nio-8080"]
===2017-02-17 14:49:28.754 INFO  org.apache.coyote.http11.Http11NioProtocol Line:179 - Starting ProtocolHandler [http-nio-8080]
===2017-02-17 14:49:28.771 INFO  org.apache.tomcat.util.net.NioSelectorPool Line:179 - Using a shared selector for servlet write/read
===2017-02-17 14:49:28.797 INFO  com.xia.lawyer.Application Line:57  - Started Application in 8.787 seconds (JVM running for 9.671)
===2017-02-17 14:49:36.146 INFO  org.apache.catalina.core.ContainerBase.[Tomcat].[localhost].[/] Line:179 - Initializing Spring FrameworkServlet 'dispatcherServlet'
===2017-02-17 14:49:36.227 INFO  org.thymeleaf.TemplateEngine Line:825 - [THYMELEAF] INITIALIZING TEMPLATE ENGINE
===2017-02-17 14:49:36.261 INFO  org.thymeleaf.templateresolver.AbstractTemplateResolver Line:99  - [THYMELEAF] INITIALIZING TEMPLATE RESOLVER: org.thymeleaf.spring4.templateresolver.SpringResourceTemplateResolver
===2017-02-17 14:49:36.262 INFO  org.thymeleaf.templateresolver.AbstractTemplateResolver Line:110 - [THYMELEAF] TEMPLATE RESOLVER INITIALIZED OK
===2017-02-17 14:49:36.262 INFO  org.thymeleaf.messageresolver.AbstractMessageResolver Line:72  - [THYMELEAF] INITIALIZING MESSAGE RESOLVER: org.thymeleaf.spring4.messageresolver.SpringMessageResolver
===2017-02-17 14:49:36.262 INFO  org.thymeleaf.messageresolver.AbstractMessageResolver Line:78  - [THYMELEAF] MESSAGE RESOLVER INITIALIZED OK
===2017-02-17 14:49:36.267 INFO  org.thymeleaf.TemplateEngine.CONFIG Line:123 - [THYMELEAF] TEMPLATE ENGINE CONFIGURATION:
[THYMELEAF] * Cache Factory implementation: org.thymeleaf.cache.StandardCacheManager
[THYMELEAF] * Template modes:
[THYMELEAF]     * XML
[THYMELEAF]     * LEGACYHTML5
[THYMELEAF]     * VALIDXHTML
[THYMELEAF]     * VALIDXML
[THYMELEAF]     * XHTML
[THYMELEAF]     * HTML5
[THYMELEAF] * Template resolvers (in order):
[THYMELEAF]     * org.thymeleaf.spring4.templateresolver.SpringResourceTemplateResolver
[THYMELEAF] * Message resolvers (in order):
[THYMELEAF]     * org.thymeleaf.spring4.messageresolver.SpringMessageResolver
[THYMELEAF] * Dialect [1 of 2]: org.thymeleaf.spring4.dialect.SpringStandardDialect
[THYMELEAF]     * Prefix: "th"
[THYMELEAF] * Dialect [2 of 2]: nz.net.ultraq.thymeleaf.LayoutDialect
[THYMELEAF]     * Prefix: "layout"
[THYMELEAF] TEMPLATE ENGINE CONFIGURED OK
===2017-02-17 14:49:36.267 INFO  org.thymeleaf.TemplateEngine Line:838 - [THYMELEAF] TEMPLATE ENGINE INITIALIZED
===2017-02-17 14:50:22.338 INFO  com.xia.lawyer.Application Line:48  - Starting Application on LINDENG-E17RD with PID 1452 (D:\spring\LawyerHome\target\classes started by lindeng in D:\spring\LawyerHome)
===2017-02-17 14:50:22.338 INFO  com.xia.lawyer.Application Line:659 - No active profile set, falling back to default profiles: default
===2017-02-17 14:50:23.475 INFO  com.xia.lawyer.Application Line:48  - Starting Application on LINDENG-E17RD with PID 6844 (D:\spring\LawyerHome\target\classes started by lindeng in D:\spring\LawyerHome)
===2017-02-17 14:50:23.480 INFO  com.xia.lawyer.Application Line:659 - No active profile set, falling back to default profiles: default
===2017-02-17 14:50:24.811 INFO  org.apache.catalina.core.StandardService Line:179 - Starting service Tomcat
===2017-02-17 14:50:24.827 INFO  org.apache.catalina.core.StandardEngine Line:179 - Starting Servlet Engine: Apache Tomcat/8.5.4
===2017-02-17 14:50:25.303 INFO  org.apache.catalina.core.ContainerBase.[Tomcat].[localhost].[/] Line:179 - Initializing Spring embedded WebApplicationContext
===2017-02-17 14:50:27.061 INFO  org.apache.coyote.http11.Http11NioProtocol Line:179 - Initializing ProtocolHandler ["http-nio-8080"]
===2017-02-17 14:50:27.062 INFO  org.apache.coyote.http11.Http11NioProtocol Line:179 - Starting ProtocolHandler [http-nio-8080]
===2017-02-17 14:50:27.064 INFO  org.apache.tomcat.util.net.NioSelectorPool Line:179 - Using a shared selector for servlet write/read
===2017-02-17 14:50:27.624 INFO  com.xia.lawyer.Application Line:57  - Started Application in 5.478 seconds (JVM running for 68.499)
===2017-02-17 14:50:32.039 INFO  org.apache.catalina.core.StandardService Line:179 - Starting service Tomcat
===2017-02-17 14:50:32.048 INFO  org.apache.catalina.core.StandardEngine Line:179 - Starting Servlet Engine: Apache Tomcat/8.5.4
===2017-02-17 14:52:32.165 INFO  com.xia.lawyer.Application Line:48  - Starting Application on LINDENG-E17RD with PID 12548 (D:\spring\LawyerHome\target\classes started by lindeng in D:\spring\LawyerHome)
===2017-02-17 14:52:32.174 INFO  com.xia.lawyer.Application Line:659 - No active profile set, falling back to default profiles: default
===2017-02-17 14:52:38.434 INFO  org.apache.catalina.core.StandardService Line:179 - Starting service Tomcat
===2017-02-17 14:52:38.436 INFO  org.apache.catalina.core.StandardEngine Line:179 - Starting Servlet Engine: Apache Tomcat/8.5.4
===2017-02-17 14:52:38.737 INFO  org.apache.catalina.core.ContainerBase.[Tomcat].[localhost].[/] Line:179 - Initializing Spring embedded WebApplicationContext
===2017-02-17 14:52:40.534 INFO  org.apache.coyote.http11.Http11NioProtocol Line:179 - Initializing ProtocolHandler ["http-nio-8080"]
===2017-02-17 14:52:40.549 INFO  org.apache.coyote.http11.Http11NioProtocol Line:179 - Starting ProtocolHandler [http-nio-8080]
===2017-02-17 14:52:40.584 INFO  org.apache.tomcat.util.net.NioSelectorPool Line:179 - Using a shared selector for servlet write/read
===2017-02-17 14:52:40.614 INFO  com.xia.lawyer.Application Line:57  - Started Application in 9.333 seconds (JVM running for 10.128)
===2017-02-17 14:52:43.529 INFO  org.apache.catalina.core.ContainerBase.[Tomcat].[localhost].[/] Line:179 - Initializing Spring FrameworkServlet 'dispatcherServlet'
===2017-02-17 14:52:43.621 INFO  org.thymeleaf.TemplateEngine Line:825 - [THYMELEAF] INITIALIZING TEMPLATE ENGINE
===2017-02-17 14:52:43.674 INFO  org.thymeleaf.templateresolver.AbstractTemplateResolver Line:99  - [THYMELEAF] INITIALIZING TEMPLATE RESOLVER: org.thymeleaf.spring4.templateresolver.SpringResourceTemplateResolver
===2017-02-17 14:52:43.675 INFO  org.thymeleaf.templateresolver.AbstractTemplateResolver Line:110 - [THYMELEAF] TEMPLATE RESOLVER INITIALIZED OK
===2017-02-17 14:52:43.676 INFO  org.thymeleaf.messageresolver.AbstractMessageResolver Line:72  - [THYMELEAF] INITIALIZING MESSAGE RESOLVER: org.thymeleaf.spring4.messageresolver.SpringMessageResolver
===2017-02-17 14:52:43.677 INFO  org.thymeleaf.messageresolver.AbstractMessageResolver Line:78  - [THYMELEAF] MESSAGE RESOLVER INITIALIZED OK
===2017-02-17 14:52:43.682 INFO  org.thymeleaf.TemplateEngine.CONFIG Line:123 - [THYMELEAF] TEMPLATE ENGINE CONFIGURATION:
[THYMELEAF] * Cache Factory implementation: org.thymeleaf.cache.StandardCacheManager
[THYMELEAF] * Template modes:
[THYMELEAF]     * XHTML
[THYMELEAF]     * HTML5
[THYMELEAF]     * VALIDXML
[THYMELEAF]     * XML
[THYMELEAF]     * LEGACYHTML5
[THYMELEAF]     * VALIDXHTML
[THYMELEAF] * Template resolvers (in order):
[THYMELEAF]     * org.thymeleaf.spring4.templateresolver.SpringResourceTemplateResolver
[THYMELEAF] * Message resolvers (in order):
[THYMELEAF]     * org.thymeleaf.spring4.messageresolver.SpringMessageResolver
[THYMELEAF] * Dialect [1 of 2]: org.thymeleaf.spring4.dialect.SpringStandardDialect
[THYMELEAF]     * Prefix: "th"
[THYMELEAF] * Dialect [2 of 2]: nz.net.ultraq.thymeleaf.LayoutDialect
[THYMELEAF]     * Prefix: "layout"
[THYMELEAF] TEMPLATE ENGINE CONFIGURED OK
===2017-02-17 14:52:43.683 INFO  org.thymeleaf.TemplateEngine Line:838 - [THYMELEAF] TEMPLATE ENGINE INITIALIZED
===2017-02-17 14:53:38.695 INFO  com.xia.lawyer.Application Line:48  - Starting Application on LINDENG-E17RD with PID 19960 (D:\spring\LawyerHome\target\classes started by lindeng in D:\spring\LawyerHome)
===2017-02-17 14:53:38.700 INFO  com.xia.lawyer.Application Line:659 - No active profile set, falling back to default profiles: default
===2017-02-17 14:53:44.486 INFO  org.apache.catalina.core.StandardService Line:179 - Starting service Tomcat
===2017-02-17 14:53:44.487 INFO  org.apache.catalina.core.StandardEngine Line:179 - Starting Servlet Engine: Apache Tomcat/8.5.4
===2017-02-17 14:53:44.740 INFO  org.apache.catalina.core.ContainerBase.[Tomcat].[localhost].[/] Line:179 - Initializing Spring embedded WebApplicationContext
===2017-02-17 14:53:47.277 INFO  org.apache.coyote.http11.Http11NioProtocol Line:179 - Initializing ProtocolHandler ["http-nio-8080"]
===2017-02-17 14:53:47.361 INFO  org.apache.coyote.http11.Http11NioProtocol Line:179 - Starting ProtocolHandler [http-nio-8080]
===2017-02-17 14:53:47.387 INFO  org.apache.tomcat.util.net.NioSelectorPool Line:179 - Using a shared selector for servlet write/read
===2017-02-17 14:53:47.972 INFO  com.xia.lawyer.Application Line:57  - Started Application in 10.621 seconds (JVM running for 11.9)
===2017-02-17 14:54:03.206 INFO  org.apache.catalina.core.ContainerBase.[Tomcat].[localhost].[/] Line:179 - Initializing Spring FrameworkServlet 'dispatcherServlet'
===2017-02-17 14:54:03.469 INFO  org.thymeleaf.TemplateEngine Line:825 - [THYMELEAF] INITIALIZING TEMPLATE ENGINE
===2017-02-17 14:54:03.536 INFO  org.thymeleaf.templateresolver.AbstractTemplateResolver Line:99  - [THYMELEAF] INITIALIZING TEMPLATE RESOLVER: org.thymeleaf.spring4.templateresolver.SpringResourceTemplateResolver
===2017-02-17 14:54:03.536 INFO  org.thymeleaf.templateresolver.AbstractTemplateResolver Line:110 - [THYMELEAF] TEMPLATE RESOLVER INITIALIZED OK
===2017-02-17 14:54:03.537 INFO  org.thymeleaf.messageresolver.AbstractMessageResolver Line:72  - [THYMELEAF] INITIALIZING MESSAGE RESOLVER: org.thymeleaf.spring4.messageresolver.SpringMessageResolver
===2017-02-17 14:54:03.537 INFO  org.thymeleaf.messageresolver.AbstractMessageResolver Line:78  - [THYMELEAF] MESSAGE RESOLVER INITIALIZED OK
===2017-02-17 14:54:03.544 INFO  org.thymeleaf.TemplateEngine.CONFIG Line:123 - [THYMELEAF] TEMPLATE ENGINE CONFIGURATION:
[THYMELEAF] * Cache Factory implementation: org.thymeleaf.cache.StandardCacheManager
[THYMELEAF] * Template modes:
[THYMELEAF]     * VALIDXML
[THYMELEAF]     * XHTML
[THYMELEAF]     * LEGACYHTML5
[THYMELEAF]     * XML
[THYMELEAF]     * HTML5
[THYMELEAF]     * VALIDXHTML
[THYMELEAF] * Template resolvers (in order):
[THYMELEAF]     * org.thymeleaf.spring4.templateresolver.SpringResourceTemplateResolver
[THYMELEAF] * Message resolvers (in order):
[THYMELEAF]     * org.thymeleaf.spring4.messageresolver.SpringMessageResolver
[THYMELEAF] * Dialect [1 of 2]: org.thymeleaf.spring4.dialect.SpringStandardDialect
[THYMELEAF]     * Prefix: "th"
[THYMELEAF] * Dialect [2 of 2]: nz.net.ultraq.thymeleaf.LayoutDialect
[THYMELEAF]     * Prefix: "layout"
[THYMELEAF] TEMPLATE ENGINE CONFIGURED OK
===2017-02-17 14:54:03.545 INFO  org.thymeleaf.TemplateEngine Line:838 - [THYMELEAF] TEMPLATE ENGINE INITIALIZED
===2017-02-17 14:54:54.466 INFO  com.xia.lawyer.Application Line:48  - Starting Application on LINDENG-E17RD with PID 18132 (D:\spring\LawyerHome\target\classes started by lindeng in D:\spring\LawyerHome)
===2017-02-17 14:54:54.478 INFO  com.xia.lawyer.Application Line:659 - No active profile set, falling back to default profiles: default
===2017-02-17 14:55:00.655 INFO  org.apache.catalina.core.StandardService Line:179 - Starting service Tomcat
===2017-02-17 14:55:00.657 INFO  org.apache.catalina.core.StandardEngine Line:179 - Starting Servlet Engine: Apache Tomcat/8.5.4
===2017-02-17 14:55:00.924 INFO  org.apache.catalina.core.ContainerBase.[Tomcat].[localhost].[/] Line:179 - Initializing Spring embedded WebApplicationContext
===2017-02-17 14:55:03.040 INFO  org.apache.coyote.http11.Http11NioProtocol Line:179 - Initializing ProtocolHandler ["http-nio-8080"]
===2017-02-17 14:55:03.051 INFO  org.apache.coyote.http11.Http11NioProtocol Line:179 - Starting ProtocolHandler [http-nio-8080]
===2017-02-17 14:55:03.068 INFO  org.apache.tomcat.util.net.NioSelectorPool Line:179 - Using a shared selector for servlet write/read
===2017-02-17 14:55:03.091 INFO  com.xia.lawyer.Application Line:57  - Started Application in 9.402 seconds (JVM running for 10.526)
===2017-02-17 14:55:05.879 INFO  org.apache.catalina.core.ContainerBase.[Tomcat].[localhost].[/] Line:179 - Initializing Spring FrameworkServlet 'dispatcherServlet'
===2017-02-17 14:55:06.104 INFO  org.thymeleaf.TemplateEngine Line:825 - [THYMELEAF] INITIALIZING TEMPLATE ENGINE
===2017-02-17 14:55:06.152 INFO  org.thymeleaf.templateresolver.AbstractTemplateResolver Line:99  - [THYMELEAF] INITIALIZING TEMPLATE RESOLVER: org.thymeleaf.spring4.templateresolver.SpringResourceTemplateResolver
===2017-02-17 14:55:06.153 INFO  org.thymeleaf.templateresolver.AbstractTemplateResolver Line:110 - [THYMELEAF] TEMPLATE RESOLVER INITIALIZED OK
===2017-02-17 14:55:06.153 INFO  org.thymeleaf.messageresolver.AbstractMessageResolver Line:72  - [THYMELEAF] INITIALIZING MESSAGE RESOLVER: org.thymeleaf.spring4.messageresolver.SpringMessageResolver
===2017-02-17 14:55:06.153 INFO  org.thymeleaf.messageresolver.AbstractMessageResolver Line:78  - [THYMELEAF] MESSAGE RESOLVER INITIALIZED OK
===2017-02-17 14:55:06.161 INFO  org.thymeleaf.TemplateEngine.CONFIG Line:123 - [THYMELEAF] TEMPLATE ENGINE CONFIGURATION:
[THYMELEAF] * Cache Factory implementation: org.thymeleaf.cache.StandardCacheManager
[THYMELEAF] * Template modes:
[THYMELEAF]     * XHTML
[THYMELEAF]     * VALIDXHTML
[THYMELEAF]     * XML
[THYMELEAF]     * VALIDXML
[THYMELEAF]     * LEGACYHTML5
[THYMELEAF]     * HTML5
[THYMELEAF] * Template resolvers (in order):
[THYMELEAF]     * org.thymeleaf.spring4.templateresolver.SpringResourceTemplateResolver
[THYMELEAF] * Message resolvers (in order):
[THYMELEAF]     * org.thymeleaf.spring4.messageresolver.SpringMessageResolver
[THYMELEAF] * Dialect [1 of 2]: org.thymeleaf.spring4.dialect.SpringStandardDialect
[THYMELEAF]     * Prefix: "th"
[THYMELEAF] * Dialect [2 of 2]: nz.net.ultraq.thymeleaf.LayoutDialect
[THYMELEAF]     * Prefix: "layout"
[THYMELEAF] TEMPLATE ENGINE CONFIGURED OK
===2017-02-17 14:55:06.161 INFO  org.thymeleaf.TemplateEngine Line:838 - [THYMELEAF] TEMPLATE ENGINE INITIALIZED
===2017-02-17 14:55:31.737 INFO  com.xia.lawyer.Application Line:48  - Starting Application on LINDENG-E17RD with PID 8500 (D:\spring\LawyerHome\target\classes started by lindeng in D:\spring\LawyerHome)
===2017-02-17 14:55:31.766 INFO  com.xia.lawyer.Application Line:659 - No active profile set, falling back to default profiles: default
===2017-02-17 14:55:38.485 INFO  org.apache.catalina.core.StandardService Line:179 - Starting service Tomcat
===2017-02-17 14:55:38.487 INFO  org.apache.catalina.core.StandardEngine Line:179 - Starting Servlet Engine: Apache Tomcat/8.5.4
===2017-02-17 14:55:38.854 INFO  org.apache.catalina.core.ContainerBase.[Tomcat].[localhost].[/] Line:179 - Initializing Spring embedded WebApplicationContext
===2017-02-17 14:55:40.380 INFO  org.apache.coyote.http11.Http11NioProtocol Line:179 - Initializing ProtocolHandler ["http-nio-8080"]
===2017-02-17 14:55:40.398 INFO  org.apache.coyote.http11.Http11NioProtocol Line:179 - Starting ProtocolHandler [http-nio-8080]
===2017-02-17 14:55:40.425 INFO  org.apache.tomcat.util.net.NioSelectorPool Line:179 - Using a shared selector for servlet write/read
===2017-02-17 14:55:40.454 INFO  com.xia.lawyer.Application Line:57  - Started Application in 9.566 seconds (JVM running for 10.528)
===2017-02-17 14:55:49.619 INFO  org.apache.catalina.core.ContainerBase.[Tomcat].[localhost].[/] Line:179 - Initializing Spring FrameworkServlet 'dispatcherServlet'
===2017-02-17 14:55:49.700 INFO  org.thymeleaf.TemplateEngine Line:825 - [THYMELEAF] INITIALIZING TEMPLATE ENGINE
===2017-02-17 14:55:49.750 INFO  org.thymeleaf.templateresolver.AbstractTemplateResolver Line:99  - [THYMELEAF] INITIALIZING TEMPLATE RESOLVER: org.thymeleaf.spring4.templateresolver.SpringResourceTemplateResolver
===2017-02-17 14:55:49.751 INFO  org.thymeleaf.templateresolver.AbstractTemplateResolver Line:110 - [THYMELEAF] TEMPLATE RESOLVER INITIALIZED OK
===2017-02-17 14:55:49.752 INFO  org.thymeleaf.messageresolver.AbstractMessageResolver Line:72  - [THYMELEAF] INITIALIZING MESSAGE RESOLVER: org.thymeleaf.spring4.messageresolver.SpringMessageResolver
===2017-02-17 14:55:49.753 INFO  org.thymeleaf.messageresolver.AbstractMessageResolver Line:78  - [THYMELEAF] MESSAGE RESOLVER INITIALIZED OK
===2017-02-17 14:55:49.757 INFO  org.thymeleaf.TemplateEngine.CONFIG Line:123 - [THYMELEAF] TEMPLATE ENGINE CONFIGURATION:
[THYMELEAF] * Cache Factory implementation: org.thymeleaf.cache.StandardCacheManager
[THYMELEAF] * Template modes:
[THYMELEAF]     * XHTML
[THYMELEAF]     * HTML5
[THYMELEAF]     * VALIDXML
[THYMELEAF]     * XML
[THYMELEAF]     * LEGACYHTML5
[THYMELEAF]     * VALIDXHTML
[THYMELEAF] * Template resolvers (in order):
[THYMELEAF]     * org.thymeleaf.spring4.templateresolver.SpringResourceTemplateResolver
[THYMELEAF] * Message resolvers (in order):
[THYMELEAF]     * org.thymeleaf.spring4.messageresolver.SpringMessageResolver
[THYMELEAF] * Dialect [1 of 2]: org.thymeleaf.spring4.dialect.SpringStandardDialect
[THYMELEAF]     * Prefix: "th"
[THYMELEAF] * Dialect [2 of 2]: nz.net.ultraq.thymeleaf.LayoutDialect
[THYMELEAF]     * Prefix: "layout"
[THYMELEAF] TEMPLATE ENGINE CONFIGURED OK
===2017-02-17 14:55:49.758 INFO  org.thymeleaf.TemplateEngine Line:838 - [THYMELEAF] TEMPLATE ENGINE INITIALIZED
===2017-02-17 14:56:38.679 INFO  com.xia.lawyer.Application Line:48  - Starting Application on LINDENG-E17RD with PID 9988 (D:\spring\LawyerHome\target\classes started by lindeng in D:\spring\LawyerHome)
===2017-02-17 14:56:38.686 INFO  com.xia.lawyer.Application Line:659 - No active profile set, falling back to default profiles: default
===2017-02-17 14:56:43.710 INFO  org.apache.catalina.core.StandardService Line:179 - Starting service Tomcat
===2017-02-17 14:56:43.711 INFO  org.apache.catalina.core.StandardEngine Line:179 - Starting Servlet Engine: Apache Tomcat/8.5.4
===2017-02-17 14:56:44.010 INFO  org.apache.catalina.core.ContainerBase.[Tomcat].[localhost].[/] Line:179 - Initializing Spring embedded WebApplicationContext
===2017-02-17 14:56:45.712 INFO  org.apache.coyote.http11.Http11NioProtocol Line:179 - Initializing ProtocolHandler ["http-nio-8080"]
===2017-02-17 14:56:45.727 INFO  org.apache.coyote.http11.Http11NioProtocol Line:179 - Starting ProtocolHandler [http-nio-8080]
===2017-02-17 14:56:45.746 INFO  org.apache.tomcat.util.net.NioSelectorPool Line:179 - Using a shared selector for servlet write/read
===2017-02-17 14:56:45.773 INFO  com.xia.lawyer.Application Line:57  - Started Application in 7.799 seconds (JVM running for 8.725)
===2017-02-17 14:56:56.605 INFO  org.apache.catalina.core.ContainerBase.[Tomcat].[localhost].[/] Line:179 - Initializing Spring FrameworkServlet 'dispatcherServlet'
===2017-02-17 14:56:56.746 INFO  org.thymeleaf.TemplateEngine Line:825 - [THYMELEAF] INITIALIZING TEMPLATE ENGINE
===2017-02-17 14:56:56.838 INFO  org.thymeleaf.templateresolver.AbstractTemplateResolver Line:99  - [THYMELEAF] INITIALIZING TEMPLATE RESOLVER: org.thymeleaf.spring4.templateresolver.SpringResourceTemplateResolver
===2017-02-17 14:56:56.838 INFO  org.thymeleaf.templateresolver.AbstractTemplateResolver Line:110 - [THYMELEAF] TEMPLATE RESOLVER INITIALIZED OK
===2017-02-17 14:56:56.839 INFO  org.thymeleaf.messageresolver.AbstractMessageResolver Line:72  - [THYMELEAF] INITIALIZING MESSAGE RESOLVER: org.thymeleaf.spring4.messageresolver.SpringMessageResolver
===2017-02-17 14:56:56.839 INFO  org.thymeleaf.messageresolver.AbstractMessageResolver Line:78  - [THYMELEAF] MESSAGE RESOLVER INITIALIZED OK
===2017-02-17 14:56:56.845 INFO  org.thymeleaf.TemplateEngine.CONFIG Line:123 - [THYMELEAF] TEMPLATE ENGINE CONFIGURATION:
[THYMELEAF] * Cache Factory implementation: org.thymeleaf.cache.StandardCacheManager
[THYMELEAF] * Template modes:
[THYMELEAF]     * XHTML
[THYMELEAF]     * HTML5
[THYMELEAF]     * VALIDXML
[THYMELEAF]     * XML
[THYMELEAF]     * LEGACYHTML5
[THYMELEAF]     * VALIDXHTML
[THYMELEAF] * Template resolvers (in order):
[THYMELEAF]     * org.thymeleaf.spring4.templateresolver.SpringResourceTemplateResolver
[THYMELEAF] * Message resolvers (in order):
[THYMELEAF]     * org.thymeleaf.spring4.messageresolver.SpringMessageResolver
[THYMELEAF] * Dialect [1 of 2]: org.thymeleaf.spring4.dialect.SpringStandardDialect
[THYMELEAF]     * Prefix: "th"
[THYMELEAF] * Dialect [2 of 2]: nz.net.ultraq.thymeleaf.LayoutDialect
[THYMELEAF]     * Prefix: "layout"
[THYMELEAF] TEMPLATE ENGINE CONFIGURED OK
===2017-02-17 14:56:56.847 INFO  org.thymeleaf.TemplateEngine Line:838 - [THYMELEAF] TEMPLATE ENGINE INITIALIZED
===2017-02-17 14:58:35.234 INFO  com.xia.lawyer.Application Line:48  - Starting Application on LINDENG-E17RD with PID 7668 (D:\spring\LawyerHome\target\classes started by lindeng in D:\spring\LawyerHome)
===2017-02-17 14:58:35.239 INFO  com.xia.lawyer.Application Line:659 - No active profile set, falling back to default profiles: default
===2017-02-17 14:58:42.846 INFO  org.apache.catalina.core.StandardService Line:179 - Starting service Tomcat
===2017-02-17 14:58:42.848 INFO  org.apache.catalina.core.StandardEngine Line:179 - Starting Servlet Engine: Apache Tomcat/8.5.4
===2017-02-17 14:58:43.190 INFO  org.apache.catalina.core.ContainerBase.[Tomcat].[localhost].[/] Line:179 - Initializing Spring embedded WebApplicationContext
===2017-02-17 14:58:45.578 INFO  org.apache.coyote.http11.Http11NioProtocol Line:179 - Initializing ProtocolHandler ["http-nio-8080"]
===2017-02-17 14:58:45.627 INFO  org.apache.coyote.http11.Http11NioProtocol Line:179 - Starting ProtocolHandler [http-nio-8080]
===2017-02-17 14:58:45.644 INFO  org.apache.tomcat.util.net.NioSelectorPool Line:179 - Using a shared selector for servlet write/read
===2017-02-17 14:58:45.745 INFO  com.xia.lawyer.Application Line:57  - Started Application in 11.722 seconds (JVM running for 12.868)
===2017-02-17 14:59:22.403 INFO  org.apache.catalina.core.ContainerBase.[Tomcat].[localhost].[/] Line:179 - Initializing Spring FrameworkServlet 'dispatcherServlet'
===2017-02-17 14:59:22.596 INFO  org.thymeleaf.TemplateEngine Line:825 - [THYMELEAF] INITIALIZING TEMPLATE ENGINE
===2017-02-17 14:59:22.794 INFO  org.thymeleaf.templateresolver.AbstractTemplateResolver Line:99  - [THYMELEAF] INITIALIZING TEMPLATE RESOLVER: org.thymeleaf.spring4.templateresolver.SpringResourceTemplateResolver
===2017-02-17 14:59:22.795 INFO  org.thymeleaf.templateresolver.AbstractTemplateResolver Line:110 - [THYMELEAF] TEMPLATE RESOLVER INITIALIZED OK
===2017-02-17 14:59:22.797 INFO  org.thymeleaf.messageresolver.AbstractMessageResolver Line:72  - [THYMELEAF] INITIALIZING MESSAGE RESOLVER: org.thymeleaf.spring4.messageresolver.SpringMessageResolver
===2017-02-17 14:59:22.798 INFO  org.thymeleaf.messageresolver.AbstractMessageResolver Line:78  - [THYMELEAF] MESSAGE RESOLVER INITIALIZED OK
===2017-02-17 14:59:22.807 INFO  org.thymeleaf.TemplateEngine.CONFIG Line:123 - [THYMELEAF] TEMPLATE ENGINE CONFIGURATION:
[THYMELEAF] * Cache Factory implementation: org.thymeleaf.cache.StandardCacheManager
[THYMELEAF] * Template modes:
[THYMELEAF]     * VALIDXHTML
[THYMELEAF]     * LEGACYHTML5
[THYMELEAF]     * XML
[THYMELEAF]     * XHTML
[THYMELEAF]     * HTML5
[THYMELEAF]     * VALIDXML
[THYMELEAF] * Template resolvers (in order):
[THYMELEAF]     * org.thymeleaf.spring4.templateresolver.SpringResourceTemplateResolver
[THYMELEAF] * Message resolvers (in order):
[THYMELEAF]     * org.thymeleaf.spring4.messageresolver.SpringMessageResolver
[THYMELEAF] * Dialect [1 of 2]: org.thymeleaf.spring4.dialect.SpringStandardDialect
[THYMELEAF]     * Prefix: "th"
[THYMELEAF] * Dialect [2 of 2]: nz.net.ultraq.thymeleaf.LayoutDialect
[THYMELEAF]     * Prefix: "layout"
[THYMELEAF] TEMPLATE ENGINE CONFIGURED OK
===2017-02-17 14:59:22.807 INFO  org.thymeleaf.TemplateEngine Line:838 - [THYMELEAF] TEMPLATE ENGINE INITIALIZED
===2017-02-17 15:00:11.227 INFO  com.xia.lawyer.Application Line:48  - Starting Application on LINDENG-E17RD with PID 12212 (D:\spring\LawyerHome\target\classes started by lindeng in D:\spring\LawyerHome)
===2017-02-17 15:00:11.233 INFO  com.xia.lawyer.Application Line:659 - No active profile set, falling back to default profiles: default
===2017-02-17 15:00:17.715 INFO  org.apache.catalina.core.StandardService Line:179 - Starting service Tomcat
===2017-02-17 15:00:17.717 INFO  org.apache.catalina.core.StandardEngine Line:179 - Starting Servlet Engine: Apache Tomcat/8.5.4
===2017-02-17 15:00:17.939 INFO  org.apache.catalina.core.ContainerBase.[Tomcat].[localhost].[/] Line:179 - Initializing Spring embedded WebApplicationContext
===2017-02-17 15:00:19.954 INFO  org.apache.coyote.http11.Http11NioProtocol Line:179 - Initializing ProtocolHandler ["http-nio-8080"]
===2017-02-17 15:00:19.984 INFO  org.apache.coyote.http11.Http11NioProtocol Line:179 - Starting ProtocolHandler [http-nio-8080]
===2017-02-17 15:00:20.020 INFO  org.apache.tomcat.util.net.NioSelectorPool Line:179 - Using a shared selector for servlet write/read
===2017-02-17 15:00:20.064 INFO  com.xia.lawyer.Application Line:57  - Started Application in 10.157 seconds (JVM running for 11.674)
===2017-02-17 15:00:25.045 INFO  org.apache.catalina.core.ContainerBase.[Tomcat].[localhost].[/] Line:179 - Initializing Spring FrameworkServlet 'dispatcherServlet'
===2017-02-17 15:00:25.153 INFO  org.thymeleaf.TemplateEngine Line:825 - [THYMELEAF] INITIALIZING TEMPLATE ENGINE
===2017-02-17 15:00:25.212 INFO  org.thymeleaf.templateresolver.AbstractTemplateResolver Line:99  - [THYMELEAF] INITIALIZING TEMPLATE RESOLVER: org.thymeleaf.spring4.templateresolver.SpringResourceTemplateResolver
===2017-02-17 15:00:25.213 INFO  org.thymeleaf.templateresolver.AbstractTemplateResolver Line:110 - [THYMELEAF] TEMPLATE RESOLVER INITIALIZED OK
===2017-02-17 15:00:25.213 INFO  org.thymeleaf.messageresolver.AbstractMessageResolver Line:72  - [THYMELEAF] INITIALIZING MESSAGE RESOLVER: org.thymeleaf.spring4.messageresolver.SpringMessageResolver
===2017-02-17 15:00:25.214 INFO  org.thymeleaf.messageresolver.AbstractMessageResolver Line:78  - [THYMELEAF] MESSAGE RESOLVER INITIALIZED OK
===2017-02-17 15:00:25.221 INFO  org.thymeleaf.TemplateEngine.CONFIG Line:123 - [THYMELEAF] TEMPLATE ENGINE CONFIGURATION:
[THYMELEAF] * Cache Factory implementation: org.thymeleaf.cache.StandardCacheManager
[THYMELEAF] * Template modes:
[THYMELEAF]     * VALIDXHTML
[THYMELEAF]     * LEGACYHTML5
[THYMELEAF]     * XML
[THYMELEAF]     * XHTML
[THYMELEAF]     * HTML5
[THYMELEAF]     * VALIDXML
[THYMELEAF] * Template resolvers (in order):
[THYMELEAF]     * org.thymeleaf.spring4.templateresolver.SpringResourceTemplateResolver
[THYMELEAF] * Message resolvers (in order):
[THYMELEAF]     * org.thymeleaf.spring4.messageresolver.SpringMessageResolver
[THYMELEAF] * Dialect [1 of 2]: org.thymeleaf.spring4.dialect.SpringStandardDialect
[THYMELEAF]     * Prefix: "th"
[THYMELEAF] * Dialect [2 of 2]: nz.net.ultraq.thymeleaf.LayoutDialect
[THYMELEAF]     * Prefix: "layout"
[THYMELEAF] TEMPLATE ENGINE CONFIGURED OK
===2017-02-17 15:00:25.221 INFO  org.thymeleaf.TemplateEngine Line:838 - [THYMELEAF] TEMPLATE ENGINE INITIALIZED
===2017-02-17 16:35:13.181 INFO  com.xia.lawyer.Application Line:48  - Starting Application on LINDENG-E17RD with PID 15648 (D:\spring\LawyerHome\target\classes started by lindeng in D:\spring\LawyerHome)
===2017-02-17 16:35:13.186 INFO  com.xia.lawyer.Application Line:659 - No active profile set, falling back to default profiles: default
===2017-02-17 16:35:20.789 INFO  org.apache.catalina.core.StandardService Line:179 - Starting service Tomcat
===2017-02-17 16:35:20.791 INFO  org.apache.catalina.core.StandardEngine Line:179 - Starting Servlet Engine: Apache Tomcat/8.5.4
===2017-02-17 16:35:21.097 INFO  org.apache.catalina.core.ContainerBase.[Tomcat].[localhost].[/] Line:179 - Initializing Spring embedded WebApplicationContext
===2017-02-17 16:35:23.422 INFO  org.apache.catalina.core.StandardService Line:179 - Stopping service Tomcat
===2017-02-17 16:38:35.104 INFO  com.xia.lawyer.Application Line:48  - Starting Application on LINDENG-E17RD with PID 10652 (D:\spring\LawyerHome\target\classes started by lindeng in D:\spring\LawyerHome)
===2017-02-17 16:38:35.109 INFO  com.xia.lawyer.Application Line:659 - No active profile set, falling back to default profiles: default
===2017-02-17 16:38:42.511 INFO  org.apache.catalina.core.StandardService Line:179 - Starting service Tomcat
===2017-02-17 16:38:42.513 INFO  org.apache.catalina.core.StandardEngine Line:179 - Starting Servlet Engine: Apache Tomcat/8.5.4
===2017-02-17 16:38:42.759 INFO  org.apache.catalina.core.ContainerBase.[Tomcat].[localhost].[/] Line:179 - Initializing Spring embedded WebApplicationContext
===2017-02-17 16:38:43.940 INFO  com.alibaba.druid.pool.DruidDataSource Line:721 - {dataSource-1} inited
===2017-02-17 16:38:43.948 INFO  org.apache.catalina.core.StandardService Line:179 - Stopping service Tomcat
===2017-02-17 16:40:22.008 INFO  com.xia.lawyer.Application Line:48  - Starting Application on LINDENG-E17RD with PID 17780 (D:\spring\LawyerHome\target\classes started by lindeng in D:\spring\LawyerHome)
===2017-02-17 16:40:22.012 INFO  com.xia.lawyer.Application Line:659 - No active profile set, falling back to default profiles: default
===2017-02-17 16:40:28.937 INFO  org.apache.catalina.core.StandardService Line:179 - Starting service Tomcat
===2017-02-17 16:40:28.939 INFO  org.apache.catalina.core.StandardEngine Line:179 - Starting Servlet Engine: Apache Tomcat/8.5.4
===2017-02-17 16:40:29.156 INFO  org.apache.catalina.core.ContainerBase.[Tomcat].[localhost].[/] Line:179 - Initializing Spring embedded WebApplicationContext
===2017-02-17 16:40:30.314 INFO  com.alibaba.druid.pool.DruidDataSource Line:721 - {dataSource-1} inited
===2017-02-17 16:40:31.137 INFO  com.alibaba.druid.pool.DruidDataSource Line:1436 - {dataSource-1} closed
===2017-02-17 16:40:31.143 INFO  org.apache.catalina.core.StandardService Line:179 - Stopping service Tomcat
===2017-02-17 16:41:04.184 INFO  com.xia.lawyer.Application Line:48  - Starting Application on LINDENG-E17RD with PID 11240 (D:\spring\LawyerHome\target\classes started by lindeng in D:\spring\LawyerHome)
===2017-02-17 16:41:04.190 INFO  com.xia.lawyer.Application Line:659 - No active profile set, falling back to default profiles: default
===2017-02-17 16:41:12.691 INFO  org.apache.catalina.core.StandardService Line:179 - Starting service Tomcat
===2017-02-17 16:41:12.693 INFO  org.apache.catalina.core.StandardEngine Line:179 - Starting Servlet Engine: Apache Tomcat/8.5.4
===2017-02-17 16:41:12.947 INFO  org.apache.catalina.core.ContainerBase.[Tomcat].[localhost].[/] Line:179 - Initializing Spring embedded WebApplicationContext
===2017-02-17 16:41:15.075 INFO  org.apache.catalina.core.StandardService Line:179 - Stopping service Tomcat
===2017-02-17 16:43:05.371 INFO  com.xia.lawyer.Application Line:48  - Starting Application on LINDENG-E17RD with PID 7364 (D:\spring\LawyerHome\target\classes started by lindeng in D:\spring\LawyerHome)
===2017-02-17 16:43:05.400 INFO  com.xia.lawyer.Application Line:659 - No active profile set, falling back to default profiles: default
===2017-02-17 16:43:13.908 INFO  org.apache.catalina.core.StandardService Line:179 - Starting service Tomcat
===2017-02-17 16:43:13.912 INFO  org.apache.catalina.core.StandardEngine Line:179 - Starting Servlet Engine: Apache Tomcat/8.5.4
===2017-02-17 16:43:14.421 INFO  org.apache.catalina.core.ContainerBase.[Tomcat].[localhost].[/] Line:179 - Initializing Spring embedded WebApplicationContext
===2017-02-17 16:43:17.188 INFO  org.apache.catalina.core.StandardService Line:179 - Stopping service Tomcat
===2017-02-17 16:45:35.492 INFO  com.xia.lawyer.Application Line:48  - Starting Application on LINDENG-E17RD with PID 14884 (D:\spring\LawyerHome\target\classes started by lindeng in D:\spring\LawyerHome)
===2017-02-17 16:45:35.623 INFO  com.xia.lawyer.Application Line:659 - No active profile set, falling back to default profiles: default
===2017-02-17 16:45:42.661 INFO  org.apache.catalina.core.StandardService Line:179 - Starting service Tomcat
===2017-02-17 16:45:42.663 INFO  org.apache.catalina.core.StandardEngine Line:179 - Starting Servlet Engine: Apache Tomcat/8.5.4
===2017-02-17 16:45:42.948 INFO  org.apache.catalina.core.ContainerBase.[Tomcat].[localhost].[/] Line:179 - Initializing Spring embedded WebApplicationContext
===2017-02-17 16:45:45.284 INFO  org.apache.catalina.core.StandardService Line:179 - Stopping service Tomcat
===2017-02-17 16:51:06.056 INFO  com.xia.lawyer.Application Line:48  - Starting Application on LINDENG-E17RD with PID 8392 (D:\spring\LawyerHome\target\classes started by lindeng in D:\spring\LawyerHome)
===2017-02-17 16:51:06.064 INFO  com.xia.lawyer.Application Line:659 - No active profile set, falling back to default profiles: default
===2017-02-17 16:51:13.334 INFO  org.apache.catalina.core.StandardService Line:179 - Starting service Tomcat
===2017-02-17 16:51:13.336 INFO  org.apache.catalina.core.StandardEngine Line:179 - Starting Servlet Engine: Apache Tomcat/8.5.4
===2017-02-17 16:51:13.546 INFO  org.apache.catalina.core.ContainerBase.[Tomcat].[localhost].[/] Line:179 - Initializing Spring embedded WebApplicationContext
===2017-02-17 16:51:20.403 INFO  org.apache.coyote.http11.Http11NioProtocol Line:179 - Initializing ProtocolHandler ["http-nio-8080"]
===2017-02-17 16:51:20.420 INFO  org.apache.coyote.http11.Http11NioProtocol Line:179 - Starting ProtocolHandler [http-nio-8080]
===2017-02-17 16:51:20.445 INFO  org.apache.tomcat.util.net.NioSelectorPool Line:179 - Using a shared selector for servlet write/read
===2017-02-17 16:51:20.485 INFO  com.xia.lawyer.Application Line:57  - Started Application in 15.398 seconds (JVM running for 16.897)
===2017-02-17 16:52:27.802 INFO  org.apache.catalina.core.ContainerBase.[Tomcat].[localhost].[/] Line:179 - Initializing Spring FrameworkServlet 'dispatcherServlet'
===2017-02-17 16:52:28.258 INFO  org.thymeleaf.TemplateEngine Line:825 - [THYMELEAF] INITIALIZING TEMPLATE ENGINE
===2017-02-17 16:52:28.343 INFO  org.thymeleaf.templateresolver.AbstractTemplateResolver Line:99  - [THYMELEAF] INITIALIZING TEMPLATE RESOLVER: org.thymeleaf.spring4.templateresolver.SpringResourceTemplateResolver
===2017-02-17 16:52:28.344 INFO  org.thymeleaf.templateresolver.AbstractTemplateResolver Line:110 - [THYMELEAF] TEMPLATE RESOLVER INITIALIZED OK
===2017-02-17 16:52:28.360 INFO  org.thymeleaf.messageresolver.AbstractMessageResolver Line:72  - [THYMELEAF] INITIALIZING MESSAGE RESOLVER: org.thymeleaf.spring4.messageresolver.SpringMessageResolver
===2017-02-17 16:52:28.361 INFO  org.thymeleaf.messageresolver.AbstractMessageResolver Line:78  - [THYMELEAF] MESSAGE RESOLVER INITIALIZED OK
===2017-02-17 16:52:28.368 INFO  org.thymeleaf.TemplateEngine.CONFIG Line:123 - [THYMELEAF] TEMPLATE ENGINE CONFIGURATION:
[THYMELEAF] * Cache Factory implementation: org.thymeleaf.cache.StandardCacheManager
[THYMELEAF] * Template modes:
[THYMELEAF]     * XML
[THYMELEAF]     * VALIDXML
[THYMELEAF]     * LEGACYHTML5
[THYMELEAF]     * XHTML
[THYMELEAF]     * VALIDXHTML
[THYMELEAF]     * HTML5
[THYMELEAF] * Template resolvers (in order):
[THYMELEAF]     * org.thymeleaf.spring4.templateresolver.SpringResourceTemplateResolver
[THYMELEAF] * Message resolvers (in order):
[THYMELEAF]     * org.thymeleaf.spring4.messageresolver.SpringMessageResolver
[THYMELEAF] * Dialect [1 of 2]: org.thymeleaf.spring4.dialect.SpringStandardDialect
[THYMELEAF]     * Prefix: "th"
[THYMELEAF] * Dialect [2 of 2]: nz.net.ultraq.thymeleaf.LayoutDialect
[THYMELEAF]     * Prefix: "layout"
[THYMELEAF] TEMPLATE ENGINE CONFIGURED OK
===2017-02-17 16:52:28.374 INFO  org.thymeleaf.TemplateEngine Line:838 - [THYMELEAF] TEMPLATE ENGINE INITIALIZED
===2017-02-17 17:00:55.887 INFO  com.xia.lawyer.Application Line:48  - Starting Application on LINDENG-E17RD with PID 18548 (D:\spring\LawyerHome\target\classes started by lindeng in D:\spring\LawyerHome)
===2017-02-17 17:00:55.891 INFO  com.xia.lawyer.Application Line:659 - No active profile set, falling back to default profiles: default
===2017-02-17 17:01:06.118 INFO  org.apache.catalina.core.StandardService Line:179 - Starting service Tomcat
===2017-02-17 17:01:06.120 INFO  org.apache.catalina.core.StandardEngine Line:179 - Starting Servlet Engine: Apache Tomcat/8.5.4
===2017-02-17 17:01:06.616 INFO  org.apache.catalina.core.ContainerBase.[Tomcat].[localhost].[/] Line:179 - Initializing Spring embedded WebApplicationContext
===2017-02-17 17:01:08.045 INFO  com.alibaba.druid.pool.DruidDataSource Line:721 - {dataSource-1} inited
===2017-02-17 17:01:14.022 INFO  org.apache.coyote.http11.Http11NioProtocol Line:179 - Initializing ProtocolHandler ["http-nio-8080"]
===2017-02-17 17:01:14.073 INFO  org.apache.coyote.http11.Http11NioProtocol Line:179 - Starting ProtocolHandler [http-nio-8080]
===2017-02-17 17:01:14.144 INFO  org.apache.tomcat.util.net.NioSelectorPool Line:179 - Using a shared selector for servlet write/read
===2017-02-17 17:01:14.513 INFO  com.xia.lawyer.Application Line:57  - Started Application in 19.914 seconds (JVM running for 21.264)
===2017-02-17 17:02:50.802 INFO  com.xia.lawyer.Application Line:48  - Starting Application on LINDENG-E17RD with PID 12068 (D:\spring\LawyerHome\target\classes started by lindeng in D:\spring\LawyerHome)
===2017-02-17 17:02:50.808 INFO  com.xia.lawyer.Application Line:659 - No active profile set, falling back to default profiles: default
===2017-02-17 17:03:00.667 INFO  org.apache.catalina.core.StandardService Line:179 - Starting service Tomcat
===2017-02-17 17:03:00.670 INFO  org.apache.catalina.core.StandardEngine Line:179 - Starting Servlet Engine: Apache Tomcat/8.5.4
===2017-02-17 17:03:01.138 INFO  org.apache.catalina.core.ContainerBase.[Tomcat].[localhost].[/] Line:179 - Initializing Spring embedded WebApplicationContext
===2017-02-17 17:03:09.467 INFO  org.apache.coyote.http11.Http11NioProtocol Line:179 - Initializing ProtocolHandler ["http-nio-8080"]
===2017-02-17 17:03:09.526 INFO  org.apache.coyote.http11.Http11NioProtocol Line:179 - Starting ProtocolHandler [http-nio-8080]
===2017-02-17 17:03:09.543 INFO  org.apache.tomcat.util.net.NioSelectorPool Line:179 - Using a shared selector for servlet write/read
===2017-02-17 17:03:10.057 INFO  com.xia.lawyer.Application Line:57  - Started Application in 20.496 seconds (JVM running for 21.729)
